This file contains any messages produced by compilers while
running configure, to aid debugging if configure makes a mistake.

It was created by iipsrv configure 0.9.9, which was
generated by GNU Autoconf 2.65.  Invocation command line was

  $ ./configure 

## --------- ##
## Platform. ##
## --------- ##

hostname = lsst.cs.illinois.edu
uname -m = x86_64
uname -r = 2.6.32-279.14.1.el6.x86_64
uname -s = Linux
uname -v = #1 SMP Tue Nov 6 11:21:14 CST 2012

/usr/bin/uname -p = unknown
/bin/uname -X     = unknown

/bin/arch              = x86_64
/usr/bin/arch -k       = unknown
/usr/convex/getsysinfo = unknown
/usr/bin/hostinfo      = unknown
/bin/machine           = unknown
/usr/bin/oslevel       = unknown
/bin/universe          = unknown

PATH: /srv/adm/bin
PATH: /usr/lib64/qt-3.3/bin
PATH: /usr/NX/bin
PATH: /usr/local/bin
PATH: /bin
PATH: /usr/bin
PATH: /usr/local/sbin
PATH: /usr/sbin
PATH: /sbin
PATH: /home/coleman8/bin


## ----------- ##
## Core tests. ##
## ----------- ##

configure:2431: checking for a BSD-compatible install
configure:2499: result: /usr/bin/install -c
configure:2510: checking whether build environment is sane
configure:2560: result: yes
configure:2701: checking for a thread-safe mkdir -p
configure:2740: result: /bin/mkdir -p
configure:2753: checking for gawk
configure:2769: found /bin/gawk
configure:2780: result: gawk
configure:2791: checking whether make sets $(MAKE)
configure:2813: result: yes
configure:2957: checking for g++
configure:2973: found /usr/bin/g++
configure:2984: result: g++
configure:3011: checking for C++ compiler version
configure:3020: g++ --version >&5
g++ (GCC) 4.4.7 20120313 (Red Hat 4.4.7-3)
Copyright (C) 2010 Free Software Foundation, Inc.
This is free software; see the source for copying conditions.  There is NO
warranty; not even for MERCHANTABILITY or FITNESS FOR A PARTICULAR PURPOSE.

configure:3031: $? = 0
configure:3020: g++ -v >&5
Using built-in specs.
Target: x86_64-redhat-linux
Configured with: ../configure --prefix=/usr --mandir=/usr/share/man --infodir=/usr/share/info --with-bugurl=http://bugzilla.redhat.com/bugzilla --enable-bootstrap --enable-shared --enable-threads=posix --enable-checking=release --with-system-zlib --enable-__cxa_atexit --disable-libunwind-exceptions --enable-gnu-unique-object --enable-languages=c,c++,objc,obj-c++,java,fortran,ada --enable-java-awt=gtk --disable-dssi --with-java-home=/usr/lib/jvm/java-1.5.0-gcj-1.5.0.0/jre --enable-libgcj-multifile --enable-java-maintainer-mode --with-ecj-jar=/usr/share/java/eclipse-ecj.jar --disable-libjava-multilib --with-ppl --with-cloog --with-tune=generic --with-arch_32=i686 --build=x86_64-redhat-linux
Thread model: posix
gcc version 4.4.7 20120313 (Red Hat 4.4.7-3) (GCC) 
configure:3031: $? = 0
configure:3020: g++ -V >&5
g++: '-V' option must have argument
configure:3031: $? = 1
configure:3020: g++ -qversion >&5
g++: unrecognized option '-qversion'
g++: no input files
configure:3031: $? = 1
configure:3051: checking whether the C++ compiler works
configure:3073: g++    conftest.cpp  >&5
configure:3077: $? = 0
configure:3126: result: yes
configure:3129: checking for C++ compiler default output file name
configure:3131: result: a.out
configure:3137: checking for suffix of executables
configure:3144: g++ -o conftest    conftest.cpp  >&5
configure:3148: $? = 0
configure:3170: result: 
configure:3192: checking whether we are cross compiling
configure:3200: g++ -o conftest    conftest.cpp  >&5
configure:3204: $? = 0
configure:3211: ./conftest
configure:3215: $? = 0
configure:3230: result: no
configure:3235: checking for suffix of object files
configure:3257: g++ -c   conftest.cpp >&5
configure:3261: $? = 0
configure:3282: result: o
configure:3286: checking whether we are using the GNU C++ compiler
configure:3305: g++ -c   conftest.cpp >&5
configure:3305: $? = 0
configure:3314: result: yes
configure:3323: checking whether g++ accepts -g
configure:3343: g++ -c -g  conftest.cpp >&5
configure:3343: $? = 0
configure:3384: result: yes
configure:3418: checking for style of include used by make
configure:3446: result: GNU
configure:3471: checking dependency style of g++
configure:3581: result: gcc3
configure:3600: checking for gawk
configure:3627: result: gawk
configure:3686: checking for gcc
configure:3702: found /usr/bin/gcc
configure:3713: result: gcc
configure:3942: checking for C compiler version
configure:3951: gcc --version >&5
gcc (GCC) 4.4.7 20120313 (Red Hat 4.4.7-3)
Copyright (C) 2010 Free Software Foundation, Inc.
This is free software; see the source for copying conditions.  There is NO
warranty; not even for MERCHANTABILITY or FITNESS FOR A PARTICULAR PURPOSE.

configure:3962: $? = 0
configure:3951: gcc -v >&5
Using built-in specs.
Target: x86_64-redhat-linux
Configured with: ../configure --prefix=/usr --mandir=/usr/share/man --infodir=/usr/share/info --with-bugurl=http://bugzilla.redhat.com/bugzilla --enable-bootstrap --enable-shared --enable-threads=posix --enable-checking=release --with-system-zlib --enable-__cxa_atexit --disable-libunwind-exceptions --enable-gnu-unique-object --enable-languages=c,c++,objc,obj-c++,java,fortran,ada --enable-java-awt=gtk --disable-dssi --with-java-home=/usr/lib/jvm/java-1.5.0-gcj-1.5.0.0/jre --enable-libgcj-multifile --enable-java-maintainer-mode --with-ecj-jar=/usr/share/java/eclipse-ecj.jar --disable-libjava-multilib --with-ppl --with-cloog --with-tune=generic --with-arch_32=i686 --build=x86_64-redhat-linux
Thread model: posix
gcc version 4.4.7 20120313 (Red Hat 4.4.7-3) (GCC) 
configure:3962: $? = 0
configure:3951: gcc -V >&5
gcc: '-V' option must have argument
configure:3962: $? = 1
configure:3951: gcc -qversion >&5
gcc: unrecognized option '-qversion'
gcc: no input files
configure:3962: $? = 1
configure:3966: checking whether we are using the GNU C compiler
configure:3985: gcc -c   conftest.c >&5
configure:3985: $? = 0
configure:3994: result: yes
configure:4003: checking whether gcc accepts -g
configure:4023: gcc -c -g  conftest.c >&5
configure:4023: $? = 0
configure:4064: result: yes
configure:4081: checking for gcc option to accept ISO C89
configure:4145: gcc  -c -g -O2  conftest.c >&5
configure:4145: $? = 0
configure:4158: result: none needed
configure:4180: checking dependency style of gcc
configure:4290: result: gcc3
configure:4310: checking how to run the C preprocessor
configure:4341: gcc -E  conftest.c
configure:4341: $? = 0
configure:4355: gcc -E  conftest.c
conftest.c:11:28: error: ac_nonexistent.h: No such file or directory
configure:4355: $? = 1
configure: failed program was:
| /* confdefs.h */
| #define PACKAGE_NAME "iipsrv"
| #define PACKAGE_TARNAME "iipsrv"
| #define PACKAGE_VERSION "0.9.9"
| #define PACKAGE_STRING "iipsrv 0.9.9"
| #define PACKAGE_BUGREPORT "ruven@users.sourceforge.net"
| #define PACKAGE_URL ""
| #define PACKAGE "iipsrv"
| #define VERSION "0.9.9"
| /* end confdefs.h.  */
| #include <ac_nonexistent.h>
configure:4380: result: gcc -E
configure:4400: gcc -E  conftest.c
configure:4400: $? = 0
configure:4414: gcc -E  conftest.c
conftest.c:11:28: error: ac_nonexistent.h: No such file or directory
configure:4414: $? = 1
configure: failed program was:
| /* confdefs.h */
| #define PACKAGE_NAME "iipsrv"
| #define PACKAGE_TARNAME "iipsrv"
| #define PACKAGE_VERSION "0.9.9"
| #define PACKAGE_STRING "iipsrv 0.9.9"
| #define PACKAGE_BUGREPORT "ruven@users.sourceforge.net"
| #define PACKAGE_URL ""
| #define PACKAGE "iipsrv"
| #define VERSION "0.9.9"
| /* end confdefs.h.  */
| #include <ac_nonexistent.h>
configure:4443: checking whether ln -s works
configure:4447: result: yes
configure:4454: checking whether make sets $(MAKE)
configure:4476: result: yes
configure:4486: checking whether gcc and cc understand -c and -o together
configure:4517: gcc -c conftest.c -o conftest2.o >&5
configure:4521: $? = 0
configure:4527: gcc -c conftest.c -o conftest2.o >&5
configure:4531: $? = 0
configure:4542: cc -c conftest.c >&5
configure:4546: $? = 0
configure:4554: cc -c conftest.c -o conftest2.o >&5
configure:4558: $? = 0
configure:4564: cc -c conftest.c -o conftest2.o >&5
configure:4568: $? = 0
configure:4586: result: yes
configure:4614: checking for grep that handles long lines and -e
configure:4672: result: /bin/grep
configure:4677: checking for egrep
configure:4739: result: /bin/grep -E
configure:4744: checking for ANSI C header files
configure:4764: gcc -c -g -O2  conftest.c >&5
configure:4764: $? = 0
configure:4837: gcc -o conftest -g -O2   conftest.c  >&5
configure:4837: $? = 0
configure:4837: ./conftest
configure:4837: $? = 0
configure:4848: result: yes
configure:4861: checking for sys/types.h
configure:4861: gcc -c -g -O2  conftest.c >&5
configure:4861: $? = 0
configure:4861: result: yes
configure:4861: checking for sys/stat.h
configure:4861: gcc -c -g -O2  conftest.c >&5
configure:4861: $? = 0
configure:4861: result: yes
configure:4861: checking for stdlib.h
configure:4861: gcc -c -g -O2  conftest.c >&5
configure:4861: $? = 0
configure:4861: result: yes
configure:4861: checking for string.h
configure:4861: gcc -c -g -O2  conftest.c >&5
configure:4861: $? = 0
configure:4861: result: yes
configure:4861: checking for memory.h
configure:4861: gcc -c -g -O2  conftest.c >&5
configure:4861: $? = 0
configure:4861: result: yes
configure:4861: checking for strings.h
configure:4861: gcc -c -g -O2  conftest.c >&5
configure:4861: $? = 0
configure:4861: result: yes
configure:4861: checking for inttypes.h
configure:4861: gcc -c -g -O2  conftest.c >&5
configure:4861: $? = 0
configure:4861: result: yes
configure:4861: checking for stdint.h
configure:4861: gcc -c -g -O2  conftest.c >&5
configure:4861: $? = 0
configure:4861: result: yes
configure:4861: checking for unistd.h
configure:4861: gcc -c -g -O2  conftest.c >&5
configure:4861: $? = 0
configure:4861: result: yes
configure:4874: checking for stdbool.h that conforms to C99
configure:4959: gcc -c -g -O2  conftest.c >&5
configure:4959: $? = 0
configure:4966: result: yes
configure:4968: checking for _Bool
configure:4968: gcc -c -g -O2  conftest.c >&5
configure:4968: $? = 0
configure:4968: gcc -c -g -O2  conftest.c >&5
conftest.c: In function 'main':
conftest.c:57: error: expected expression before ')' token
configure:4968: $? = 1
configure: failed program was:
| /* confdefs.h */
| #define PACKAGE_NAME "iipsrv"
| #define PACKAGE_TARNAME "iipsrv"
| #define PACKAGE_VERSION "0.9.9"
| #define PACKAGE_STRING "iipsrv 0.9.9"
| #define PACKAGE_BUGREPORT "ruven@users.sourceforge.net"
| #define PACKAGE_URL ""
| #define PACKAGE "iipsrv"
| #define VERSION "0.9.9"
| #define STDC_HEADERS 1
| #define HAVE_SYS_TYPES_H 1
| #define HAVE_SYS_STAT_H 1
| #define HAVE_STDLIB_H 1
| #define HAVE_STRING_H 1
| #define HAVE_MEMORY_H 1
| #define HAVE_STRINGS_H 1
| #define HAVE_INTTYPES_H 1
| #define HAVE_STDINT_H 1
| #define HAVE_UNISTD_H 1
| /* end confdefs.h.  */
| #include <stdio.h>
| #ifdef HAVE_SYS_TYPES_H
| # include <sys/types.h>
| #endif
| #ifdef HAVE_SYS_STAT_H
| # include <sys/stat.h>
| #endif
| #ifdef STDC_HEADERS
| # include <stdlib.h>
| # include <stddef.h>
| #else
| # ifdef HAVE_STDLIB_H
| #  include <stdlib.h>
| # endif
| #endif
| #ifdef HAVE_STRING_H
| # if !defined STDC_HEADERS && defined HAVE_MEMORY_H
| #  include <memory.h>
| # endif
| # include <string.h>
| #endif
| #ifdef HAVE_STRINGS_H
| # include <strings.h>
| #endif
| #ifdef HAVE_INTTYPES_H
| # include <inttypes.h>
| #endif
| #ifdef HAVE_STDINT_H
| # include <stdint.h>
| #endif
| #ifdef HAVE_UNISTD_H
| # include <unistd.h>
| #endif
| int
| main ()
| {
| if (sizeof ((_Bool)))
| 	    return 0;
|   ;
|   return 0;
| }
configure:4968: result: yes
configure:4984: checking for inline
configure:5000: gcc -c -g -O2  conftest.c >&5
configure:5000: $? = 0
configure:5008: result: inline
configure:5026: checking for size_t
configure:5026: gcc -c -g -O2  conftest.c >&5
configure:5026: $? = 0
configure:5026: gcc -c -g -O2  conftest.c >&5
conftest.c: In function 'main':
conftest.c:59: error: expected expression before ')' token
configure:5026: $? = 1
configure: failed program was:
| /* confdefs.h */
| #define PACKAGE_NAME "iipsrv"
| #define PACKAGE_TARNAME "iipsrv"
| #define PACKAGE_VERSION "0.9.9"
| #define PACKAGE_STRING "iipsrv 0.9.9"
| #define PACKAGE_BUGREPORT "ruven@users.sourceforge.net"
| #define PACKAGE_URL ""
| #define PACKAGE "iipsrv"
| #define VERSION "0.9.9"
| #define STDC_HEADERS 1
| #define HAVE_SYS_TYPES_H 1
| #define HAVE_SYS_STAT_H 1
| #define HAVE_STDLIB_H 1
| #define HAVE_STRING_H 1
| #define HAVE_MEMORY_H 1
| #define HAVE_STRINGS_H 1
| #define HAVE_INTTYPES_H 1
| #define HAVE_STDINT_H 1
| #define HAVE_UNISTD_H 1
| #define HAVE__BOOL 1
| #define HAVE_STDBOOL_H 1
| /* end confdefs.h.  */
| #include <stdio.h>
| #ifdef HAVE_SYS_TYPES_H
| # include <sys/types.h>
| #endif
| #ifdef HAVE_SYS_STAT_H
| # include <sys/stat.h>
| #endif
| #ifdef STDC_HEADERS
| # include <stdlib.h>
| # include <stddef.h>
| #else
| # ifdef HAVE_STDLIB_H
| #  include <stdlib.h>
| # endif
| #endif
| #ifdef HAVE_STRING_H
| # if !defined STDC_HEADERS && defined HAVE_MEMORY_H
| #  include <memory.h>
| # endif
| # include <string.h>
| #endif
| #ifdef HAVE_STRINGS_H
| # include <strings.h>
| #endif
| #ifdef HAVE_INTTYPES_H
| # include <inttypes.h>
| #endif
| #ifdef HAVE_STDINT_H
| # include <stdint.h>
| #endif
| #ifdef HAVE_UNISTD_H
| # include <unistd.h>
| #endif
| int
| main ()
| {
| if (sizeof ((size_t)))
| 	    return 0;
|   ;
|   return 0;
| }
configure:5026: result: yes
configure:5067: checking build system type
configure:5081: result: x86_64-unknown-linux-gnu
configure:5101: checking host system type
configure:5114: result: x86_64-unknown-linux-gnu
configure:5155: checking how to print strings
configure:5182: result: printf
configure:5203: checking for a sed that does not truncate output
configure:5267: result: /bin/sed
configure:5285: checking for fgrep
configure:5347: result: /bin/grep -F
configure:5382: checking for ld used by gcc
configure:5449: result: /usr/bin/ld
configure:5456: checking if the linker (/usr/bin/ld) is GNU ld
configure:5471: result: yes
configure:5483: checking for BSD- or MS-compatible name lister (nm)
configure:5532: result: /usr/bin/nm -B
configure:5662: checking the name lister (/usr/bin/nm -B) interface
configure:5669: gcc -c -g -O2  conftest.c >&5
configure:5672: /usr/bin/nm -B "conftest.o"
configure:5675: output
0000000000000000 B some_variable
configure:5682: result: BSD nm
configure:5686: checking the maximum length of command line arguments
configure:5811: result: 1966080
configure:5828: checking whether the shell understands some XSI constructs
configure:5838: result: yes
configure:5842: checking whether the shell understands "+="
configure:5848: result: yes
configure:5883: checking for /usr/bin/ld option to reload object files
configure:5890: result: -r
configure:5959: checking for objdump
configure:5975: found /usr/bin/objdump
configure:5986: result: objdump
configure:6018: checking how to recognize dependent libraries
configure:6220: result: pass_all
configure:6280: checking for ar
configure:6296: found /usr/bin/ar
configure:6307: result: ar
configure:6385: checking for strip
configure:6401: found /usr/bin/strip
configure:6412: result: strip
configure:6484: checking for ranlib
configure:6500: found /usr/bin/ranlib
configure:6511: result: ranlib
configure:6613: checking command to parse /usr/bin/nm -B output from gcc object
configure:6731: gcc -c -g -O2  conftest.c >&5
configure:6734: $? = 0
configure:6738: /usr/bin/nm -B conftest.o \| sed -n -e 's/^.*[ ]\([ABCDGIRSTW][ABCDGIRSTW]*\)[ ][ ]*\([_A-Za-z][_A-Za-z0-9]*\)$/\1 \2 \2/p' \> conftest.nm
configure:6741: $? = 0
configure:6795: gcc -o conftest -g -O2   conftest.c conftstm.o >&5
configure:6798: $? = 0
configure:6836: result: ok
configure:6931: gcc -c -g -O2  conftest.c >&5
configure:6934: $? = 0
configure:7673: checking for dlfcn.h
configure:7673: gcc -c -g -O2  conftest.c >&5
configure:7673: $? = 0
configure:7673: result: yes
configure:7861: checking for objdir
configure:7876: result: .libs
configure:8147: checking if gcc supports -fno-rtti -fno-exceptions
configure:8165: gcc -c -g -O2  -fno-rtti -fno-exceptions conftest.c >&5
cc1: warning: command line option "-fno-rtti" is valid for C++/ObjC++ but not for C
configure:8169: $? = 0
configure:8182: result: no
configure:8202: checking for gcc option to produce PIC
configure:8487: result: -fPIC -DPIC
configure:8499: checking if gcc PIC flag -fPIC -DPIC works
configure:8517: gcc -c -g -O2  -fPIC -DPIC -DPIC conftest.c >&5
configure:8521: $? = 0
configure:8534: result: yes
configure:8558: checking if gcc static flag -static works
configure:8586: result: no
configure:8601: checking if gcc supports -c -o file.o
configure:8622: gcc -c -g -O2  -o out/conftest2.o conftest.c >&5
configure:8626: $? = 0
configure:8648: result: yes
configure:8656: checking if gcc supports -c -o file.o
configure:8703: result: yes
configure:8736: checking whether the gcc linker (/usr/bin/ld -m elf_x86_64) supports shared libraries
configure:9811: result: yes
configure:9848: checking whether -lc should be explicitly linked in
configure:9856: gcc -c -g -O2  conftest.c >&5
configure:9859: $? = 0
configure:9874: gcc -shared conftest.o  -v -Wl,-soname -Wl,conftest -o conftest 2\>\&1 \| /bin/grep  -lc  \>/dev/null 2\>\&1
configure:9877: $? = 0
configure:9891: result: no
configure:10056: checking dynamic linker characteristics
configure:10524: gcc -o conftest -g -O2   -Wl,-rpath -Wl,/foo conftest.c  >&5
configure:10524: $? = 0
configure:10746: result: GNU/Linux ld.so
configure:10853: checking how to hardcode library paths into programs
configure:10878: result: immediate
configure:11418: checking whether stripping libraries is possible
configure:11423: result: yes
configure:11458: checking if libtool supports shared libraries
configure:11460: result: yes
configure:11463: checking whether to build shared libraries
configure:11484: result: yes
configure:11487: checking whether to build static libraries
configure:11491: result: yes
configure:11514: checking how to run the C++ preprocessor
configure:11541: g++ -E  conftest.cpp
configure:11541: $? = 0
configure:11555: g++ -E  conftest.cpp
conftest.cpp:25:28: error: ac_nonexistent.h: No such file or directory
configure:11555: $? = 1
configure: failed program was:
| /* confdefs.h */
| #define PACKAGE_NAME "iipsrv"
| #define PACKAGE_TARNAME "iipsrv"
| #define PACKAGE_VERSION "0.9.9"
| #define PACKAGE_STRING "iipsrv 0.9.9"
| #define PACKAGE_BUGREPORT "ruven@users.sourceforge.net"
| #define PACKAGE_URL ""
| #define PACKAGE "iipsrv"
| #define VERSION "0.9.9"
| #define STDC_HEADERS 1
| #define HAVE_SYS_TYPES_H 1
| #define HAVE_SYS_STAT_H 1
| #define HAVE_STDLIB_H 1
| #define HAVE_STRING_H 1
| #define HAVE_MEMORY_H 1
| #define HAVE_STRINGS_H 1
| #define HAVE_INTTYPES_H 1
| #define HAVE_STDINT_H 1
| #define HAVE_UNISTD_H 1
| #define HAVE__BOOL 1
| #define HAVE_STDBOOL_H 1
| #define HAVE_DLFCN_H 1
| #define LT_OBJDIR ".libs/"
| /* end confdefs.h.  */
| #include <ac_nonexistent.h>
configure:11580: result: g++ -E
configure:11600: g++ -E  conftest.cpp
configure:11600: $? = 0
configure:11614: g++ -E  conftest.cpp
conftest.cpp:25:28: error: ac_nonexistent.h: No such file or directory
configure:11614: $? = 1
configure: failed program was:
| /* confdefs.h */
| #define PACKAGE_NAME "iipsrv"
| #define PACKAGE_TARNAME "iipsrv"
| #define PACKAGE_VERSION "0.9.9"
| #define PACKAGE_STRING "iipsrv 0.9.9"
| #define PACKAGE_BUGREPORT "ruven@users.sourceforge.net"
| #define PACKAGE_URL ""
| #define PACKAGE "iipsrv"
| #define VERSION "0.9.9"
| #define STDC_HEADERS 1
| #define HAVE_SYS_TYPES_H 1
| #define HAVE_SYS_STAT_H 1
| #define HAVE_STDLIB_H 1
| #define HAVE_STRING_H 1
| #define HAVE_MEMORY_H 1
| #define HAVE_STRINGS_H 1
| #define HAVE_INTTYPES_H 1
| #define HAVE_STDINT_H 1
| #define HAVE_UNISTD_H 1
| #define HAVE__BOOL 1
| #define HAVE_STDBOOL_H 1
| #define HAVE_DLFCN_H 1
| #define LT_OBJDIR ".libs/"
| /* end confdefs.h.  */
| #include <ac_nonexistent.h>
configure:11782: checking for ld used by g++
configure:11849: result: /usr/bin/ld -m elf_x86_64
configure:11856: checking if the linker (/usr/bin/ld -m elf_x86_64) is GNU ld
configure:11871: result: yes
configure:11926: checking whether the g++ linker (/usr/bin/ld -m elf_x86_64) supports shared libraries
configure:12858: result: yes
configure:12886: g++ -c -g -O2  conftest.cpp >&5
configure:12889: $? = 0
configure:13071: checking for g++ option to produce PIC
configure:13393: result: -fPIC -DPIC
configure:13402: checking if g++ PIC flag -fPIC -DPIC works
configure:13420: g++ -c -g -O2  -fPIC -DPIC -DPIC conftest.cpp >&5
configure:13424: $? = 0
configure:13437: result: yes
configure:13458: checking if g++ static flag -static works
configure:13486: result: no
configure:13498: checking if g++ supports -c -o file.o
configure:13519: g++ -c -g -O2  -o out/conftest2.o conftest.cpp >&5
configure:13523: $? = 0
configure:13545: result: yes
configure:13550: checking if g++ supports -c -o file.o
configure:13597: result: yes
configure:13627: checking whether the g++ linker (/usr/bin/ld -m elf_x86_64) supports shared libraries
configure:13655: result: yes
configure:13798: checking dynamic linker characteristics
configure:14422: result: GNU/Linux ld.so
configure:14475: checking how to hardcode library paths into programs
configure:14500: result: immediate
configure:14563: checking glob.h usability
configure:14563: gcc -c -g -O2  conftest.c >&5
configure:14563: $? = 0
configure:14563: result: yes
configure:14563: checking glob.h presence
configure:14563: gcc -E  conftest.c
configure:14563: $? = 0
configure:14563: result: yes
configure:14563: checking for glob.h
configure:14563: result: yes
configure:14575: checking time.h usability
configure:14575: gcc -c -g -O2  conftest.c >&5
configure:14575: $? = 0
configure:14575: result: yes
configure:14575: checking time.h presence
configure:14575: gcc -E  conftest.c
configure:14575: $? = 0
configure:14575: result: yes
configure:14575: checking for time.h
configure:14575: result: yes
configure:14587: checking sys/time.h usability
configure:14587: gcc -c -g -O2  conftest.c >&5
configure:14587: $? = 0
configure:14587: result: yes
configure:14587: checking sys/time.h presence
configure:14587: gcc -E  conftest.c
configure:14587: $? = 0
configure:14587: result: yes
configure:14587: checking for sys/time.h
configure:14587: result: yes
configure:14599: checking math.h usability
configure:14599: gcc -c -g -O2  conftest.c >&5
configure:14599: $? = 0
configure:14599: result: yes
configure:14599: checking math.h presence
configure:14599: gcc -E  conftest.c
configure:14599: $? = 0
configure:14599: result: yes
configure:14599: checking for math.h
configure:14599: result: yes
configure:14609: checking for pow in -lm
configure:14634: gcc -o conftest -g -O2   conftest.c -lm   >&5
conftest.c:36: warning: conflicting types for built-in function 'pow'
configure:14634: $? = 0
configure:14643: result: yes
configure:14656: checking for stdlib.h
configure:14656: result: yes
configure:14666: checking for GNU libc compatible malloc
configure:14690: gcc -o conftest -g -O2   conftest.c -lm  >&5
configure:14690: $? = 0
configure:14690: ./conftest
configure:14690: $? = 0
configure:14700: result: yes
configure:14724: checking for floor
configure:14724: gcc -o conftest -g -O2   conftest.c -lm  >&5
conftest.c:55: warning: conflicting types for built-in function 'floor'
configure:14724: $? = 0
configure:14724: result: yes
configure:14724: checking for gettimeofday
configure:14724: gcc -o conftest -g -O2   conftest.c -lm  >&5
configure:14724: $? = 0
configure:14724: result: yes
configure:14724: checking for pow
configure:14724: gcc -o conftest -g -O2   conftest.c -lm  >&5
conftest.c:57: warning: conflicting types for built-in function 'pow'
configure:14724: $? = 0
configure:14724: result: yes
configure:14724: checking for sqrt
configure:14724: gcc -o conftest -g -O2   conftest.c -lm  >&5
conftest.c:58: warning: conflicting types for built-in function 'sqrt'
configure:14724: $? = 0
configure:14724: result: yes
configure:14739: checking windows.h usability
configure:14739: gcc -c -g -O2  conftest.c >&5
conftest.c:69:21: error: windows.h: No such file or directory
configure:14739: $? = 1
configure: failed program was:
| /* confdefs.h */
| #define PACKAGE_NAME "iipsrv"
| #define PACKAGE_TARNAME "iipsrv"
| #define PACKAGE_VERSION "0.9.9"
| #define PACKAGE_STRING "iipsrv 0.9.9"
| #define PACKAGE_BUGREPORT "ruven@users.sourceforge.net"
| #define PACKAGE_URL ""
| #define PACKAGE "iipsrv"
| #define VERSION "0.9.9"
| #define STDC_HEADERS 1
| #define HAVE_SYS_TYPES_H 1
| #define HAVE_SYS_STAT_H 1
| #define HAVE_STDLIB_H 1
| #define HAVE_STRING_H 1
| #define HAVE_MEMORY_H 1
| #define HAVE_STRINGS_H 1
| #define HAVE_INTTYPES_H 1
| #define HAVE_STDINT_H 1
| #define HAVE_UNISTD_H 1
| #define HAVE__BOOL 1
| #define HAVE_STDBOOL_H 1
| #define HAVE_DLFCN_H 1
| #define LT_OBJDIR ".libs/"
| #define HAVE_GLOB_H 1
| #define HAVE_TIME_H 1
| #define HAVE_SYS_TIME_H 1
| #define HAVE_MATH_H 1
| #define HAVE_LIBM 1
| #define HAVE_STDLIB_H 1
| #define HAVE_MALLOC 1
| #define HAVE_FLOOR 1
| #define HAVE_GETTIMEOFDAY 1
| #define HAVE_POW 1
| #define HAVE_SQRT 1
| /* end confdefs.h.  */
| #include <stdio.h>
| #ifdef HAVE_SYS_TYPES_H
| # include <sys/types.h>
| #endif
| #ifdef HAVE_SYS_STAT_H
| # include <sys/stat.h>
| #endif
| #ifdef STDC_HEADERS
| # include <stdlib.h>
| # include <stddef.h>
| #else
| # ifdef HAVE_STDLIB_H
| #  include <stdlib.h>
| # endif
| #endif
| #ifdef HAVE_STRING_H
| # if !defined STDC_HEADERS && defined HAVE_MEMORY_H
| #  include <memory.h>
| # endif
| # include <string.h>
| #endif
| #ifdef HAVE_STRINGS_H
| # include <strings.h>
| #endif
| #ifdef HAVE_INTTYPES_H
| # include <inttypes.h>
| #endif
| #ifdef HAVE_STDINT_H
| # include <stdint.h>
| #endif
| #ifdef HAVE_UNISTD_H
| # include <unistd.h>
| #endif
| #include <windows.h>
configure:14739: result: no
configure:14739: checking windows.h presence
configure:14739: gcc -E  conftest.c
conftest.c:36:21: error: windows.h: No such file or directory
configure:14739: $? = 1
configure: failed program was:
| /* confdefs.h */
| #define PACKAGE_NAME "iipsrv"
| #define PACKAGE_TARNAME "iipsrv"
| #define PACKAGE_VERSION "0.9.9"
| #define PACKAGE_STRING "iipsrv 0.9.9"
| #define PACKAGE_BUGREPORT "ruven@users.sourceforge.net"
| #define PACKAGE_URL ""
| #define PACKAGE "iipsrv"
| #define VERSION "0.9.9"
| #define STDC_HEADERS 1
| #define HAVE_SYS_TYPES_H 1
| #define HAVE_SYS_STAT_H 1
| #define HAVE_STDLIB_H 1
| #define HAVE_STRING_H 1
| #define HAVE_MEMORY_H 1
| #define HAVE_STRINGS_H 1
| #define HAVE_INTTYPES_H 1
| #define HAVE_STDINT_H 1
| #define HAVE_UNISTD_H 1
| #define HAVE__BOOL 1
| #define HAVE_STDBOOL_H 1
| #define HAVE_DLFCN_H 1
| #define LT_OBJDIR ".libs/"
| #define HAVE_GLOB_H 1
| #define HAVE_TIME_H 1
| #define HAVE_SYS_TIME_H 1
| #define HAVE_MATH_H 1
| #define HAVE_LIBM 1
| #define HAVE_STDLIB_H 1
| #define HAVE_MALLOC 1
| #define HAVE_FLOOR 1
| #define HAVE_GETTIMEOFDAY 1
| #define HAVE_POW 1
| #define HAVE_SQRT 1
| /* end confdefs.h.  */
| #include <windows.h>
configure:14739: result: no
configure:14739: checking for windows.h
configure:14739: result: no
configure:14759: checking for special C compiler options needed for large files
configure:14804: result: no
configure:14810: checking for _FILE_OFFSET_BITS value needed for large files
configure:14835: gcc -c -g -O2  conftest.c >&5
configure:14835: $? = 0
configure:14867: result: no
configure:15004: checking for JPEG
configure:15027: gcc -c -g -O2  conftest.c >&5
configure:15027: $? = 0
configure:15081: gcc -o conftest -g -O2   conftest.c -ljpeg -lm  >&5
configure:15081: $? = 0
configure:15135: result: libraries -ljpeg, headers in default path
configure:15157: checking for gzopen in -lz
configure:15182: gcc -o conftest -g -O2   conftest.c -lz  -lm  >&5
configure:15182: $? = 0
configure:15191: result: yes
configure:15212: checking libmemcached/memcached.h usability
configure:15212: gcc -c -g -O2  conftest.c >&5
conftest.c:71:36: error: libmemcached/memcached.h: No such file or directory
configure:15212: $? = 1
configure: failed program was:
| /* confdefs.h */
| #define PACKAGE_NAME "iipsrv"
| #define PACKAGE_TARNAME "iipsrv"
| #define PACKAGE_VERSION "0.9.9"
| #define PACKAGE_STRING "iipsrv 0.9.9"
| #define PACKAGE_BUGREPORT "ruven@users.sourceforge.net"
| #define PACKAGE_URL ""
| #define PACKAGE "iipsrv"
| #define VERSION "0.9.9"
| #define STDC_HEADERS 1
| #define HAVE_SYS_TYPES_H 1
| #define HAVE_SYS_STAT_H 1
| #define HAVE_STDLIB_H 1
| #define HAVE_STRING_H 1
| #define HAVE_MEMORY_H 1
| #define HAVE_STRINGS_H 1
| #define HAVE_INTTYPES_H 1
| #define HAVE_STDINT_H 1
| #define HAVE_UNISTD_H 1
| #define HAVE__BOOL 1
| #define HAVE_STDBOOL_H 1
| #define HAVE_DLFCN_H 1
| #define LT_OBJDIR ".libs/"
| #define HAVE_GLOB_H 1
| #define HAVE_TIME_H 1
| #define HAVE_SYS_TIME_H 1
| #define HAVE_MATH_H 1
| #define HAVE_LIBM 1
| #define HAVE_STDLIB_H 1
| #define HAVE_MALLOC 1
| #define HAVE_FLOOR 1
| #define HAVE_GETTIMEOFDAY 1
| #define HAVE_POW 1
| #define HAVE_SQRT 1
| #define HAVE_JPEG 1
| #define HAVE_LIBZ 1
| /* end confdefs.h.  */
| #include <stdio.h>
| #ifdef HAVE_SYS_TYPES_H
| # include <sys/types.h>
| #endif
| #ifdef HAVE_SYS_STAT_H
| # include <sys/stat.h>
| #endif
| #ifdef STDC_HEADERS
| # include <stdlib.h>
| # include <stddef.h>
| #else
| # ifdef HAVE_STDLIB_H
| #  include <stdlib.h>
| # endif
| #endif
| #ifdef HAVE_STRING_H
| # if !defined STDC_HEADERS && defined HAVE_MEMORY_H
| #  include <memory.h>
| # endif
| # include <string.h>
| #endif
| #ifdef HAVE_STRINGS_H
| # include <strings.h>
| #endif
| #ifdef HAVE_INTTYPES_H
| # include <inttypes.h>
| #endif
| #ifdef HAVE_STDINT_H
| # include <stdint.h>
| #endif
| #ifdef HAVE_UNISTD_H
| # include <unistd.h>
| #endif
| #include <libmemcached/memcached.h>
configure:15212: result: no
configure:15212: checking libmemcached/memcached.h presence
configure:15212: gcc -E  conftest.c
conftest.c:38:36: error: libmemcached/memcached.h: No such file or directory
configure:15212: $? = 1
configure: failed program was:
| /* confdefs.h */
| #define PACKAGE_NAME "iipsrv"
| #define PACKAGE_TARNAME "iipsrv"
| #define PACKAGE_VERSION "0.9.9"
| #define PACKAGE_STRING "iipsrv 0.9.9"
| #define PACKAGE_BUGREPORT "ruven@users.sourceforge.net"
| #define PACKAGE_URL ""
| #define PACKAGE "iipsrv"
| #define VERSION "0.9.9"
| #define STDC_HEADERS 1
| #define HAVE_SYS_TYPES_H 1
| #define HAVE_SYS_STAT_H 1
| #define HAVE_STDLIB_H 1
| #define HAVE_STRING_H 1
| #define HAVE_MEMORY_H 1
| #define HAVE_STRINGS_H 1
| #define HAVE_INTTYPES_H 1
| #define HAVE_STDINT_H 1
| #define HAVE_UNISTD_H 1
| #define HAVE__BOOL 1
| #define HAVE_STDBOOL_H 1
| #define HAVE_DLFCN_H 1
| #define LT_OBJDIR ".libs/"
| #define HAVE_GLOB_H 1
| #define HAVE_TIME_H 1
| #define HAVE_SYS_TIME_H 1
| #define HAVE_MATH_H 1
| #define HAVE_LIBM 1
| #define HAVE_STDLIB_H 1
| #define HAVE_MALLOC 1
| #define HAVE_FLOOR 1
| #define HAVE_GETTIMEOFDAY 1
| #define HAVE_POW 1
| #define HAVE_SQRT 1
| #define HAVE_JPEG 1
| #define HAVE_LIBZ 1
| /* end confdefs.h.  */
| #include <libmemcached/memcached.h>
configure:15212: result: no
configure:15212: checking for libmemcached/memcached.h
configure:15212: result: no
configure:15308: checking for TIFF
configure:15325: gcc -c -g -O2  conftest.c >&5
configure:15325: $? = 0
configure:15372: gcc -o conftest -g -O2   conftest.c -ltiff -lm -lz -lm  >&5
configure:15372: $? = 0
configure:15424: result: libraries -ltiff, headers in default path
configure:15448: checking lcms/lcms.h usability
configure:15448: gcc -c -g -O2  conftest.c >&5
conftest.c:72:23: error: lcms/lcms.h: No such file or directory
configure:15448: $? = 1
configure: failed program was:
| /* confdefs.h */
| #define PACKAGE_NAME "iipsrv"
| #define PACKAGE_TARNAME "iipsrv"
| #define PACKAGE_VERSION "0.9.9"
| #define PACKAGE_STRING "iipsrv 0.9.9"
| #define PACKAGE_BUGREPORT "ruven@users.sourceforge.net"
| #define PACKAGE_URL ""
| #define PACKAGE "iipsrv"
| #define VERSION "0.9.9"
| #define STDC_HEADERS 1
| #define HAVE_SYS_TYPES_H 1
| #define HAVE_SYS_STAT_H 1
| #define HAVE_STDLIB_H 1
| #define HAVE_STRING_H 1
| #define HAVE_MEMORY_H 1
| #define HAVE_STRINGS_H 1
| #define HAVE_INTTYPES_H 1
| #define HAVE_STDINT_H 1
| #define HAVE_UNISTD_H 1
| #define HAVE__BOOL 1
| #define HAVE_STDBOOL_H 1
| #define HAVE_DLFCN_H 1
| #define LT_OBJDIR ".libs/"
| #define HAVE_GLOB_H 1
| #define HAVE_TIME_H 1
| #define HAVE_SYS_TIME_H 1
| #define HAVE_MATH_H 1
| #define HAVE_LIBM 1
| #define HAVE_STDLIB_H 1
| #define HAVE_MALLOC 1
| #define HAVE_FLOOR 1
| #define HAVE_GETTIMEOFDAY 1
| #define HAVE_POW 1
| #define HAVE_SQRT 1
| #define HAVE_JPEG 1
| #define HAVE_LIBZ 1
| #define HAVE_TIFF 1
| /* end confdefs.h.  */
| #include <stdio.h>
| #ifdef HAVE_SYS_TYPES_H
| # include <sys/types.h>
| #endif
| #ifdef HAVE_SYS_STAT_H
| # include <sys/stat.h>
| #endif
| #ifdef STDC_HEADERS
| # include <stdlib.h>
| # include <stddef.h>
| #else
| # ifdef HAVE_STDLIB_H
| #  include <stdlib.h>
| # endif
| #endif
| #ifdef HAVE_STRING_H
| # if !defined STDC_HEADERS && defined HAVE_MEMORY_H
| #  include <memory.h>
| # endif
| # include <string.h>
| #endif
| #ifdef HAVE_STRINGS_H
| # include <strings.h>
| #endif
| #ifdef HAVE_INTTYPES_H
| # include <inttypes.h>
| #endif
| #ifdef HAVE_STDINT_H
| # include <stdint.h>
| #endif
| #ifdef HAVE_UNISTD_H
| # include <unistd.h>
| #endif
| #include <lcms/lcms.h>
configure:15448: result: no
configure:15448: checking lcms/lcms.h presence
configure:15448: gcc -E  conftest.c
conftest.c:39:23: error: lcms/lcms.h: No such file or directory
configure:15448: $? = 1
configure: failed program was:
| /* confdefs.h */
| #define PACKAGE_NAME "iipsrv"
| #define PACKAGE_TARNAME "iipsrv"
| #define PACKAGE_VERSION "0.9.9"
| #define PACKAGE_STRING "iipsrv 0.9.9"
| #define PACKAGE_BUGREPORT "ruven@users.sourceforge.net"
| #define PACKAGE_URL ""
| #define PACKAGE "iipsrv"
| #define VERSION "0.9.9"
| #define STDC_HEADERS 1
| #define HAVE_SYS_TYPES_H 1
| #define HAVE_SYS_STAT_H 1
| #define HAVE_STDLIB_H 1
| #define HAVE_STRING_H 1
| #define HAVE_MEMORY_H 1
| #define HAVE_STRINGS_H 1
| #define HAVE_INTTYPES_H 1
| #define HAVE_STDINT_H 1
| #define HAVE_UNISTD_H 1
| #define HAVE__BOOL 1
| #define HAVE_STDBOOL_H 1
| #define HAVE_DLFCN_H 1
| #define LT_OBJDIR ".libs/"
| #define HAVE_GLOB_H 1
| #define HAVE_TIME_H 1
| #define HAVE_SYS_TIME_H 1
| #define HAVE_MATH_H 1
| #define HAVE_LIBM 1
| #define HAVE_STDLIB_H 1
| #define HAVE_MALLOC 1
| #define HAVE_FLOOR 1
| #define HAVE_GETTIMEOFDAY 1
| #define HAVE_POW 1
| #define HAVE_SQRT 1
| #define HAVE_JPEG 1
| #define HAVE_LIBZ 1
| #define HAVE_TIFF 1
| /* end confdefs.h.  */
| #include <lcms/lcms.h>
configure:15448: result: no
configure:15448: checking for lcms/lcms.h
configure:15448: result: no
configure:15520: checking for FCGI_Accept in -lfcgi
configure:15545: gcc -o conftest -g -O2   conftest.c -lfcgi  -lz -lm  >&5
/usr/bin/ld: cannot find -lfcgi
collect2: ld returned 1 exit status
configure:15545: $? = 1
configure: failed program was:
| /* confdefs.h */
| #define PACKAGE_NAME "iipsrv"
| #define PACKAGE_TARNAME "iipsrv"
| #define PACKAGE_VERSION "0.9.9"
| #define PACKAGE_STRING "iipsrv 0.9.9"
| #define PACKAGE_BUGREPORT "ruven@users.sourceforge.net"
| #define PACKAGE_URL ""
| #define PACKAGE "iipsrv"
| #define VERSION "0.9.9"
| #define STDC_HEADERS 1
| #define HAVE_SYS_TYPES_H 1
| #define HAVE_SYS_STAT_H 1
| #define HAVE_STDLIB_H 1
| #define HAVE_STRING_H 1
| #define HAVE_MEMORY_H 1
| #define HAVE_STRINGS_H 1
| #define HAVE_INTTYPES_H 1
| #define HAVE_STDINT_H 1
| #define HAVE_UNISTD_H 1
| #define HAVE__BOOL 1
| #define HAVE_STDBOOL_H 1
| #define HAVE_DLFCN_H 1
| #define LT_OBJDIR ".libs/"
| #define HAVE_GLOB_H 1
| #define HAVE_TIME_H 1
| #define HAVE_SYS_TIME_H 1
| #define HAVE_MATH_H 1
| #define HAVE_LIBM 1
| #define HAVE_STDLIB_H 1
| #define HAVE_MALLOC 1
| #define HAVE_FLOOR 1
| #define HAVE_GETTIMEOFDAY 1
| #define HAVE_POW 1
| #define HAVE_SQRT 1
| #define HAVE_JPEG 1
| #define HAVE_LIBZ 1
| #define HAVE_TIFF 1
| /* end confdefs.h.  */
| 
| /* Override any GCC internal prototype to avoid an error.
|    Use char because int might match the return type of a GCC
|    builtin and then its argument prototype would still apply.  */
| #ifdef __cplusplus
| extern "C"
| #endif
| char FCGI_Accept ();
| int
| main ()
| {
| return FCGI_Accept ();
|   ;
|   return 0;
| }
configure:15554: result: no
configure:15563: result: configure: unable to find user installed libfcgi - using bundled version
configure:15648: WARNING: optional dynamic module loading not enabled
configure:15677: checking for /managed/all_includes/jpx.h
configure:15691: result: no
configure:15698: result: configure: No Kakadu JPEG2000 Sources Found
configure:15723: checking for get_nprocs_conf in -lc
configure:15748: gcc -o conftest -g -O2   conftest.c -lc  -lz -lm  >&5
configure:15748: $? = 0
configure:15757: result: yes
configure:15782: checking whether g++ works
configure:15795: g++ -c -g -O2  conftest.cpp >&5
configure:15795: $? = 0
configure:15796: result: yes
configure:15800: checking whether cin has a streambuf assignment operator
configure:15813: g++ -c -g -O2  conftest.cpp >&5
conftest.cpp: In function 'int main()':
conftest.cpp:44: error: 'cin' was not declared in this scope
conftest.cpp:44: error: expected type-specifier before 'streambuf'
conftest.cpp:44: error: expected '>' before 'streambuf'
conftest.cpp:44: error: expected '(' before 'streambuf'
conftest.cpp:44: error: 'streambuf' was not declared in this scope
conftest.cpp:44: error: expected primary-expression before '>' token
conftest.cpp:44: error: expected ')' before ';' token
configure:15813: $? = 1
configure: failed program was:
| /* confdefs.h */
| #define PACKAGE_NAME "iipsrv"
| #define PACKAGE_TARNAME "iipsrv"
| #define PACKAGE_VERSION "0.9.9"
| #define PACKAGE_STRING "iipsrv 0.9.9"
| #define PACKAGE_BUGREPORT "ruven@users.sourceforge.net"
| #define PACKAGE_URL ""
| #define PACKAGE "iipsrv"
| #define VERSION "0.9.9"
| #define STDC_HEADERS 1
| #define HAVE_SYS_TYPES_H 1
| #define HAVE_SYS_STAT_H 1
| #define HAVE_STDLIB_H 1
| #define HAVE_STRING_H 1
| #define HAVE_MEMORY_H 1
| #define HAVE_STRINGS_H 1
| #define HAVE_INTTYPES_H 1
| #define HAVE_STDINT_H 1
| #define HAVE_UNISTD_H 1
| #define HAVE__BOOL 1
| #define HAVE_STDBOOL_H 1
| #define HAVE_DLFCN_H 1
| #define LT_OBJDIR ".libs/"
| #define HAVE_GLOB_H 1
| #define HAVE_TIME_H 1
| #define HAVE_SYS_TIME_H 1
| #define HAVE_MATH_H 1
| #define HAVE_LIBM 1
| #define HAVE_STDLIB_H 1
| #define HAVE_MALLOC 1
| #define HAVE_FLOOR 1
| #define HAVE_GETTIMEOFDAY 1
| #define HAVE_POW 1
| #define HAVE_SQRT 1
| #define HAVE_JPEG 1
| #define HAVE_LIBZ 1
| #define HAVE_TIFF 1
| #define NPROCS 1
| /* end confdefs.h.  */
| #include <iostream>
| int
| main ()
| {
| cin = static_cast<streambuf *>(0);
|   ;
|   return 0;
| }
configure:15820: result: no
configure:15824: checking whether char_type is defined in the context of streambuf
configure:15837: g++ -c -g -O2  conftest.cpp >&5
configure:15837: $? = 0
configure:15838: result: yes
configure:15863: checking for gethostbyname in -lnsl
configure:15888: gcc -o conftest -g -O2   conftest.c -lnsl  -lz -lm  >&5
configure:15888: $? = 0
configure:15897: result: yes
configure:15908: checking for socket in -lsocket
configure:15933: gcc -o conftest -g -O2   conftest.c -lsocket  -lnsl -lz -lm  >&5
/usr/bin/ld: cannot find -lsocket
collect2: ld returned 1 exit status
configure:15933: $? = 1
configure: failed program was:
| /* confdefs.h */
| #define PACKAGE_NAME "iipsrv"
| #define PACKAGE_TARNAME "iipsrv"
| #define PACKAGE_VERSION "0.9.9"
| #define PACKAGE_STRING "iipsrv 0.9.9"
| #define PACKAGE_BUGREPORT "ruven@users.sourceforge.net"
| #define PACKAGE_URL ""
| #define PACKAGE "iipsrv"
| #define VERSION "0.9.9"
| #define STDC_HEADERS 1
| #define HAVE_SYS_TYPES_H 1
| #define HAVE_SYS_STAT_H 1
| #define HAVE_STDLIB_H 1
| #define HAVE_STRING_H 1
| #define HAVE_MEMORY_H 1
| #define HAVE_STRINGS_H 1
| #define HAVE_INTTYPES_H 1
| #define HAVE_STDINT_H 1
| #define HAVE_UNISTD_H 1
| #define HAVE__BOOL 1
| #define HAVE_STDBOOL_H 1
| #define HAVE_DLFCN_H 1
| #define LT_OBJDIR ".libs/"
| #define HAVE_GLOB_H 1
| #define HAVE_TIME_H 1
| #define HAVE_SYS_TIME_H 1
| #define HAVE_MATH_H 1
| #define HAVE_LIBM 1
| #define HAVE_STDLIB_H 1
| #define HAVE_MALLOC 1
| #define HAVE_FLOOR 1
| #define HAVE_GETTIMEOFDAY 1
| #define HAVE_POW 1
| #define HAVE_SQRT 1
| #define HAVE_JPEG 1
| #define HAVE_LIBZ 1
| #define HAVE_TIFF 1
| #define NPROCS 1
| #define HAVE_STREAMBUF_CHAR_TYPE 1
| #define HAVE_LIBNSL 1
| /* end confdefs.h.  */
| 
| /* Override any GCC internal prototype to avoid an error.
|    Use char because int might match the return type of a GCC
|    builtin and then its argument prototype would still apply.  */
| #ifdef __cplusplus
| extern "C"
| #endif
| char socket ();
| int
| main ()
| {
| return socket ();
|   ;
|   return 0;
| }
configure:15942: result: no
configure:15961: checking pthread.h usability
configure:15961: gcc -c -g -O2  conftest.c >&5
configure:15961: $? = 0
configure:15961: result: yes
configure:15961: checking pthread.h presence
configure:15961: gcc -E  conftest.c
configure:15961: $? = 0
configure:15961: result: yes
configure:15961: checking for pthread.h
configure:15961: result: yes
configure:16073: checking for the pthreads library -lpthreads
configure:16106: gcc -o conftest -g -O2    conftest.c -lpthreads -lnsl -lz -lm  >&5
/usr/bin/ld: cannot find -lpthreads
collect2: ld returned 1 exit status
configure:16106: $? = 1
configure: failed program was:
| /* confdefs.h */
| #define PACKAGE_NAME "iipsrv"
| #define PACKAGE_TARNAME "iipsrv"
| #define PACKAGE_VERSION "0.9.9"
| #define PACKAGE_STRING "iipsrv 0.9.9"
| #define PACKAGE_BUGREPORT "ruven@users.sourceforge.net"
| #define PACKAGE_URL ""
| #define PACKAGE "iipsrv"
| #define VERSION "0.9.9"
| #define STDC_HEADERS 1
| #define HAVE_SYS_TYPES_H 1
| #define HAVE_SYS_STAT_H 1
| #define HAVE_STDLIB_H 1
| #define HAVE_STRING_H 1
| #define HAVE_MEMORY_H 1
| #define HAVE_STRINGS_H 1
| #define HAVE_INTTYPES_H 1
| #define HAVE_STDINT_H 1
| #define HAVE_UNISTD_H 1
| #define HAVE__BOOL 1
| #define HAVE_STDBOOL_H 1
| #define HAVE_DLFCN_H 1
| #define LT_OBJDIR ".libs/"
| #define HAVE_GLOB_H 1
| #define HAVE_TIME_H 1
| #define HAVE_SYS_TIME_H 1
| #define HAVE_MATH_H 1
| #define HAVE_LIBM 1
| #define HAVE_STDLIB_H 1
| #define HAVE_MALLOC 1
| #define HAVE_FLOOR 1
| #define HAVE_GETTIMEOFDAY 1
| #define HAVE_POW 1
| #define HAVE_SQRT 1
| #define HAVE_JPEG 1
| #define HAVE_LIBZ 1
| #define HAVE_TIFF 1
| #define NPROCS 1
| #define HAVE_STREAMBUF_CHAR_TYPE 1
| #define HAVE_LIBNSL 1
| /* end confdefs.h.  */
| #include <pthread.h>
| int
| main ()
| {
| pthread_t th; pthread_join(th, 0);
|                      pthread_attr_init(0); pthread_cleanup_push(0, 0);
|                      pthread_create(0,0,0,0); pthread_cleanup_pop(0);
|   ;
|   return 0;
| }
configure:16115: result: no
configure:16062: checking whether pthreads work without any flags
configure:16106: gcc -o conftest -g -O2    conftest.c  -lnsl -lz -lm  >&5
/tmp/ccXKRwG8.o: In function `main':
/home/coleman8/lsst/serverSrc/iipsrv-0.9.9/conftest.c:46: undefined reference to `pthread_join'
/home/coleman8/lsst/serverSrc/iipsrv-0.9.9/conftest.c:47: undefined reference to `__pthread_register_cancel'
/home/coleman8/lsst/serverSrc/iipsrv-0.9.9/conftest.c:48: undefined reference to `pthread_create'
/home/coleman8/lsst/serverSrc/iipsrv-0.9.9/conftest.c:48: undefined reference to `__pthread_unregister_cancel'
collect2: ld returned 1 exit status
configure:16106: $? = 1
configure: failed program was:
| /* confdefs.h */
| #define PACKAGE_NAME "iipsrv"
| #define PACKAGE_TARNAME "iipsrv"
| #define PACKAGE_VERSION "0.9.9"
| #define PACKAGE_STRING "iipsrv 0.9.9"
| #define PACKAGE_BUGREPORT "ruven@users.sourceforge.net"
| #define PACKAGE_URL ""
| #define PACKAGE "iipsrv"
| #define VERSION "0.9.9"
| #define STDC_HEADERS 1
| #define HAVE_SYS_TYPES_H 1
| #define HAVE_SYS_STAT_H 1
| #define HAVE_STDLIB_H 1
| #define HAVE_STRING_H 1
| #define HAVE_MEMORY_H 1
| #define HAVE_STRINGS_H 1
| #define HAVE_INTTYPES_H 1
| #define HAVE_STDINT_H 1
| #define HAVE_UNISTD_H 1
| #define HAVE__BOOL 1
| #define HAVE_STDBOOL_H 1
| #define HAVE_DLFCN_H 1
| #define LT_OBJDIR ".libs/"
| #define HAVE_GLOB_H 1
| #define HAVE_TIME_H 1
| #define HAVE_SYS_TIME_H 1
| #define HAVE_MATH_H 1
| #define HAVE_LIBM 1
| #define HAVE_STDLIB_H 1
| #define HAVE_MALLOC 1
| #define HAVE_FLOOR 1
| #define HAVE_GETTIMEOFDAY 1
| #define HAVE_POW 1
| #define HAVE_SQRT 1
| #define HAVE_JPEG 1
| #define HAVE_LIBZ 1
| #define HAVE_TIFF 1
| #define NPROCS 1
| #define HAVE_STREAMBUF_CHAR_TYPE 1
| #define HAVE_LIBNSL 1
| /* end confdefs.h.  */
| #include <pthread.h>
| int
| main ()
| {
| pthread_t th; pthread_join(th, 0);
|                      pthread_attr_init(0); pthread_cleanup_push(0, 0);
|                      pthread_create(0,0,0,0); pthread_cleanup_pop(0);
|   ;
|   return 0;
| }
configure:16115: result: no
configure:16067: checking whether pthreads work with -Kthread
configure:16106: gcc -o conftest -g -O2 -Kthread   conftest.c  -lnsl -lz -lm  >&5
gcc: unrecognized option '-Kthread'
/tmp/cc9RaTnd.o: In function `main':
/home/coleman8/lsst/serverSrc/iipsrv-0.9.9/conftest.c:46: undefined reference to `pthread_join'
/home/coleman8/lsst/serverSrc/iipsrv-0.9.9/conftest.c:47: undefined reference to `__pthread_register_cancel'
/home/coleman8/lsst/serverSrc/iipsrv-0.9.9/conftest.c:48: undefined reference to `pthread_create'
/home/coleman8/lsst/serverSrc/iipsrv-0.9.9/conftest.c:48: undefined reference to `__pthread_unregister_cancel'
collect2: ld returned 1 exit status
configure:16106: $? = 1
configure: failed program was:
| /* confdefs.h */
| #define PACKAGE_NAME "iipsrv"
| #define PACKAGE_TARNAME "iipsrv"
| #define PACKAGE_VERSION "0.9.9"
| #define PACKAGE_STRING "iipsrv 0.9.9"
| #define PACKAGE_BUGREPORT "ruven@users.sourceforge.net"
| #define PACKAGE_URL ""
| #define PACKAGE "iipsrv"
| #define VERSION "0.9.9"
| #define STDC_HEADERS 1
| #define HAVE_SYS_TYPES_H 1
| #define HAVE_SYS_STAT_H 1
| #define HAVE_STDLIB_H 1
| #define HAVE_STRING_H 1
| #define HAVE_MEMORY_H 1
| #define HAVE_STRINGS_H 1
| #define HAVE_INTTYPES_H 1
| #define HAVE_STDINT_H 1
| #define HAVE_UNISTD_H 1
| #define HAVE__BOOL 1
| #define HAVE_STDBOOL_H 1
| #define HAVE_DLFCN_H 1
| #define LT_OBJDIR ".libs/"
| #define HAVE_GLOB_H 1
| #define HAVE_TIME_H 1
| #define HAVE_SYS_TIME_H 1
| #define HAVE_MATH_H 1
| #define HAVE_LIBM 1
| #define HAVE_STDLIB_H 1
| #define HAVE_MALLOC 1
| #define HAVE_FLOOR 1
| #define HAVE_GETTIMEOFDAY 1
| #define HAVE_POW 1
| #define HAVE_SQRT 1
| #define HAVE_JPEG 1
| #define HAVE_LIBZ 1
| #define HAVE_TIFF 1
| #define NPROCS 1
| #define HAVE_STREAMBUF_CHAR_TYPE 1
| #define HAVE_LIBNSL 1
| /* end confdefs.h.  */
| #include <pthread.h>
| int
| main ()
| {
| pthread_t th; pthread_join(th, 0);
|                      pthread_attr_init(0); pthread_cleanup_push(0, 0);
|                      pthread_create(0,0,0,0); pthread_cleanup_pop(0);
|   ;
|   return 0;
| }
configure:16115: result: no
configure:16067: checking whether pthreads work with -kthread
configure:16106: gcc -o conftest -g -O2 -kthread   conftest.c  -lnsl -lz -lm  >&5
gcc: unrecognized option '-kthread'
/tmp/ccyzLQwi.o: In function `main':
/home/coleman8/lsst/serverSrc/iipsrv-0.9.9/conftest.c:46: undefined reference to `pthread_join'
/home/coleman8/lsst/serverSrc/iipsrv-0.9.9/conftest.c:47: undefined reference to `__pthread_register_cancel'
/home/coleman8/lsst/serverSrc/iipsrv-0.9.9/conftest.c:48: undefined reference to `pthread_create'
/home/coleman8/lsst/serverSrc/iipsrv-0.9.9/conftest.c:48: undefined reference to `__pthread_unregister_cancel'
collect2: ld returned 1 exit status
configure:16106: $? = 1
configure: failed program was:
| /* confdefs.h */
| #define PACKAGE_NAME "iipsrv"
| #define PACKAGE_TARNAME "iipsrv"
| #define PACKAGE_VERSION "0.9.9"
| #define PACKAGE_STRING "iipsrv 0.9.9"
| #define PACKAGE_BUGREPORT "ruven@users.sourceforge.net"
| #define PACKAGE_URL ""
| #define PACKAGE "iipsrv"
| #define VERSION "0.9.9"
| #define STDC_HEADERS 1
| #define HAVE_SYS_TYPES_H 1
| #define HAVE_SYS_STAT_H 1
| #define HAVE_STDLIB_H 1
| #define HAVE_STRING_H 1
| #define HAVE_MEMORY_H 1
| #define HAVE_STRINGS_H 1
| #define HAVE_INTTYPES_H 1
| #define HAVE_STDINT_H 1
| #define HAVE_UNISTD_H 1
| #define HAVE__BOOL 1
| #define HAVE_STDBOOL_H 1
| #define HAVE_DLFCN_H 1
| #define LT_OBJDIR ".libs/"
| #define HAVE_GLOB_H 1
| #define HAVE_TIME_H 1
| #define HAVE_SYS_TIME_H 1
| #define HAVE_MATH_H 1
| #define HAVE_LIBM 1
| #define HAVE_STDLIB_H 1
| #define HAVE_MALLOC 1
| #define HAVE_FLOOR 1
| #define HAVE_GETTIMEOFDAY 1
| #define HAVE_POW 1
| #define HAVE_SQRT 1
| #define HAVE_JPEG 1
| #define HAVE_LIBZ 1
| #define HAVE_TIFF 1
| #define NPROCS 1
| #define HAVE_STREAMBUF_CHAR_TYPE 1
| #define HAVE_LIBNSL 1
| /* end confdefs.h.  */
| #include <pthread.h>
| int
| main ()
| {
| pthread_t th; pthread_join(th, 0);
|                      pthread_attr_init(0); pthread_cleanup_push(0, 0);
|                      pthread_create(0,0,0,0); pthread_cleanup_pop(0);
|   ;
|   return 0;
| }
configure:16115: result: no
configure:16073: checking for the pthreads library -llthread
configure:16106: gcc -o conftest -g -O2    conftest.c -llthread -lnsl -lz -lm  >&5
/usr/bin/ld: cannot find -llthread
collect2: ld returned 1 exit status
configure:16106: $? = 1
configure: failed program was:
| /* confdefs.h */
| #define PACKAGE_NAME "iipsrv"
| #define PACKAGE_TARNAME "iipsrv"
| #define PACKAGE_VERSION "0.9.9"
| #define PACKAGE_STRING "iipsrv 0.9.9"
| #define PACKAGE_BUGREPORT "ruven@users.sourceforge.net"
| #define PACKAGE_URL ""
| #define PACKAGE "iipsrv"
| #define VERSION "0.9.9"
| #define STDC_HEADERS 1
| #define HAVE_SYS_TYPES_H 1
| #define HAVE_SYS_STAT_H 1
| #define HAVE_STDLIB_H 1
| #define HAVE_STRING_H 1
| #define HAVE_MEMORY_H 1
| #define HAVE_STRINGS_H 1
| #define HAVE_INTTYPES_H 1
| #define HAVE_STDINT_H 1
| #define HAVE_UNISTD_H 1
| #define HAVE__BOOL 1
| #define HAVE_STDBOOL_H 1
| #define HAVE_DLFCN_H 1
| #define LT_OBJDIR ".libs/"
| #define HAVE_GLOB_H 1
| #define HAVE_TIME_H 1
| #define HAVE_SYS_TIME_H 1
| #define HAVE_MATH_H 1
| #define HAVE_LIBM 1
| #define HAVE_STDLIB_H 1
| #define HAVE_MALLOC 1
| #define HAVE_FLOOR 1
| #define HAVE_GETTIMEOFDAY 1
| #define HAVE_POW 1
| #define HAVE_SQRT 1
| #define HAVE_JPEG 1
| #define HAVE_LIBZ 1
| #define HAVE_TIFF 1
| #define NPROCS 1
| #define HAVE_STREAMBUF_CHAR_TYPE 1
| #define HAVE_LIBNSL 1
| /* end confdefs.h.  */
| #include <pthread.h>
| int
| main ()
| {
| pthread_t th; pthread_join(th, 0);
|                      pthread_attr_init(0); pthread_cleanup_push(0, 0);
|                      pthread_create(0,0,0,0); pthread_cleanup_pop(0);
|   ;
|   return 0;
| }
configure:16115: result: no
configure:16067: checking whether pthreads work with -pthread
configure:16106: gcc -o conftest -g -O2 -pthread   conftest.c  -lnsl -lz -lm  >&5
configure:16106: $? = 0
configure:16115: result: yes
configure:16135: checking for joinable pthread attribute
configure:16148: gcc -o conftest -g -O2 -pthread   conftest.c  -lnsl -lz -lm  >&5
configure:16148: $? = 0
configure:16180: result: PTHREAD_CREATE_JOINABLE
configure:16187: checking if more special flags are required for pthreads
configure:16194: result: no
configure:16206: checking for cc_r
configure:16234: result: gcc
configure:16264: checking for ssize_t
configure:16264: gcc -c -g -O2  conftest.c >&5
configure:16264: $? = 0
configure:16264: gcc -c -g -O2  conftest.c >&5
conftest.c: In function 'main':
conftest.c:78: error: expected expression before ')' token
configure:16264: $? = 1
configure: failed program was:
| /* confdefs.h */
| #define PACKAGE_NAME "iipsrv"
| #define PACKAGE_TARNAME "iipsrv"
| #define PACKAGE_VERSION "0.9.9"
| #define PACKAGE_STRING "iipsrv 0.9.9"
| #define PACKAGE_BUGREPORT "ruven@users.sourceforge.net"
| #define PACKAGE_URL ""
| #define PACKAGE "iipsrv"
| #define VERSION "0.9.9"
| #define STDC_HEADERS 1
| #define HAVE_SYS_TYPES_H 1
| #define HAVE_SYS_STAT_H 1
| #define HAVE_STDLIB_H 1
| #define HAVE_STRING_H 1
| #define HAVE_MEMORY_H 1
| #define HAVE_STRINGS_H 1
| #define HAVE_INTTYPES_H 1
| #define HAVE_STDINT_H 1
| #define HAVE_UNISTD_H 1
| #define HAVE__BOOL 1
| #define HAVE_STDBOOL_H 1
| #define HAVE_DLFCN_H 1
| #define LT_OBJDIR ".libs/"
| #define HAVE_GLOB_H 1
| #define HAVE_TIME_H 1
| #define HAVE_SYS_TIME_H 1
| #define HAVE_MATH_H 1
| #define HAVE_LIBM 1
| #define HAVE_STDLIB_H 1
| #define HAVE_MALLOC 1
| #define HAVE_FLOOR 1
| #define HAVE_GETTIMEOFDAY 1
| #define HAVE_POW 1
| #define HAVE_SQRT 1
| #define HAVE_JPEG 1
| #define HAVE_LIBZ 1
| #define HAVE_TIFF 1
| #define NPROCS 1
| #define HAVE_STREAMBUF_CHAR_TYPE 1
| #define HAVE_LIBNSL 1
| /* end confdefs.h.  */
| #include <stdio.h>
| #ifdef HAVE_SYS_TYPES_H
| # include <sys/types.h>
| #endif
| #ifdef HAVE_SYS_STAT_H
| # include <sys/stat.h>
| #endif
| #ifdef STDC_HEADERS
| # include <stdlib.h>
| # include <stddef.h>
| #else
| # ifdef HAVE_STDLIB_H
| #  include <stdlib.h>
| # endif
| #endif
| #ifdef HAVE_STRING_H
| # if !defined STDC_HEADERS && defined HAVE_MEMORY_H
| #  include <memory.h>
| # endif
| # include <string.h>
| #endif
| #ifdef HAVE_STRINGS_H
| # include <strings.h>
| #endif
| #ifdef HAVE_INTTYPES_H
| # include <inttypes.h>
| #endif
| #ifdef HAVE_STDINT_H
| # include <stdint.h>
| #endif
| #ifdef HAVE_UNISTD_H
| # include <unistd.h>
| #endif
| int
| main ()
| {
| if (sizeof ((ssize_t)))
| 	    return 0;
|   ;
|   return 0;
| }
configure:16264: result: yes
configure:16276: checking for sun_len in sys/un.h
configure:16291: result: no
configure:16297: checking for fpos_t in stdio.h
configure:16306: result: yes
configure:16321: checking sys/socket.h usability
configure:16321: gcc -c -g -O2  conftest.c >&5
configure:16321: $? = 0
configure:16321: result: yes
configure:16321: checking sys/socket.h presence
configure:16321: gcc -E  conftest.c
configure:16321: $? = 0
configure:16321: result: yes
configure:16321: checking for sys/socket.h
configure:16321: result: yes
configure:16321: checking netdb.h usability
configure:16321: gcc -c -g -O2  conftest.c >&5
configure:16321: $? = 0
configure:16321: result: yes
configure:16321: checking netdb.h presence
configure:16321: gcc -E  conftest.c
configure:16321: $? = 0
configure:16321: result: yes
configure:16321: checking for netdb.h
configure:16321: result: yes
configure:16321: checking netinet/in.h usability
configure:16321: gcc -c -g -O2  conftest.c >&5
configure:16321: $? = 0
configure:16321: result: yes
configure:16321: checking netinet/in.h presence
configure:16321: gcc -E  conftest.c
configure:16321: $? = 0
configure:16321: result: yes
configure:16321: checking for netinet/in.h
configure:16321: result: yes
configure:16321: checking arpa/inet.h usability
configure:16321: gcc -c -g -O2  conftest.c >&5
configure:16321: $? = 0
configure:16321: result: yes
configure:16321: checking arpa/inet.h presence
configure:16321: gcc -E  conftest.c
configure:16321: $? = 0
configure:16321: result: yes
configure:16321: checking for arpa/inet.h
configure:16321: result: yes
configure:16335: checking for sys/time.h
configure:16335: result: yes
configure:16335: checking limits.h usability
configure:16335: gcc -c -g -O2  conftest.c >&5
configure:16335: $? = 0
configure:16335: result: yes
configure:16335: checking limits.h presence
configure:16335: gcc -E  conftest.c
configure:16335: $? = 0
configure:16335: result: yes
configure:16335: checking for limits.h
configure:16335: result: yes
configure:16335: checking sys/param.h usability
configure:16335: gcc -c -g -O2  conftest.c >&5
configure:16335: $? = 0
configure:16335: result: yes
configure:16335: checking sys/param.h presence
configure:16335: gcc -E  conftest.c
configure:16335: $? = 0
configure:16335: result: yes
configure:16335: checking for sys/param.h
configure:16335: result: yes
configure:16335: checking for unistd.h
configure:16335: result: yes
configure:16347: checking for a fileno() prototype in stdio.h
configure:16356: result: yes
configure:16394: checking whether cross-process locking is required by accept()
configure:16405: result: no
configure:16414: checking whether va_arg(arg, long double) crashes the compiler
configure:16427: gcc -c -g -O2  conftest.c >&5
configure:16427: $? = 0
configure:16428: result: no
configure:16439: checking for an ANSI C-conforming const
configure:16504: gcc -c -g -O2  conftest.c >&5
configure:16504: $? = 0
configure:16511: result: yes
configure:16523: checking for strerror
configure:16523: gcc -o conftest -g -O2   conftest.c -lnsl -lz -lm  >&5
configure:16523: $? = 0
configure:16523: result: yes
configure:16541: checking for inline
configure:16565: result: inline
configure:16594: checking for C compiler warning flags
configure:16666: result: -Wall
configure:16672: checking whether make sets $(MAKE)
configure:16694: result: yes
configure:16871: creating ./config.status

## ---------------------- ##
## Running config.status. ##
## ---------------------- ##

This file was extended by iipsrv config.status 0.9.9, which was
generated by GNU Autoconf 2.65.  Invocation command line was

  CONFIG_FILES    = 
  CONFIG_HEADERS  = 
  CONFIG_LINKS    = 
  CONFIG_COMMANDS = 
  $ ./config.status 

on lsst.cs.illinois.edu

config.status:1080: creating Makefile
config.status:1080: creating src/Makefile
config.status:1080: creating fcgi/Makefile
config.status:1080: creating fcgi/include/Makefile
config.status:1080: creating fcgi/libfcgi/Makefile
config.status:1243: executing depfiles commands
config.status:1243: executing libtool commands

## ---------------- ##
## Cache variables. ##
## ---------------- ##

ac_cv_build=x86_64-unknown-linux-gnu
ac_cv_c_compiler_gnu=yes
ac_cv_c_const=yes
ac_cv_c_inline=inline
ac_cv_cxx_compiler_gnu=yes
ac_cv_env_CCC_set=
ac_cv_env_CCC_value=
ac_cv_env_CC_set=
ac_cv_env_CC_value=
ac_cv_env_CFLAGS_set=
ac_cv_env_CFLAGS_value=
ac_cv_env_CPPFLAGS_set=
ac_cv_env_CPPFLAGS_value=
ac_cv_env_CPP_set=
ac_cv_env_CPP_value=
ac_cv_env_CXXCPP_set=
ac_cv_env_CXXCPP_value=
ac_cv_env_CXXFLAGS_set=
ac_cv_env_CXXFLAGS_value=
ac_cv_env_CXX_set=
ac_cv_env_CXX_value=
ac_cv_env_LDFLAGS_set=
ac_cv_env_LDFLAGS_value=
ac_cv_env_LIBS_set=
ac_cv_env_LIBS_value=
ac_cv_env_build_alias_set=
ac_cv_env_build_alias_value=
ac_cv_env_host_alias_set=
ac_cv_env_host_alias_value=
ac_cv_env_target_alias_set=
ac_cv_env_target_alias_value=
ac_cv_file__managed_all_includes_jpx_h=no
ac_cv_func_floor=yes
ac_cv_func_gettimeofday=yes
ac_cv_func_malloc_0_nonnull=yes
ac_cv_func_pow=yes
ac_cv_func_sqrt=yes
ac_cv_func_strerror=yes
ac_cv_header_arpa_inet_h=yes
ac_cv_header_dlfcn_h=yes
ac_cv_header_glob_h=yes
ac_cv_header_inttypes_h=yes
ac_cv_header_lcms_lcms_h=no
ac_cv_header_libmemcached_memcached_h=no
ac_cv_header_limits_h=yes
ac_cv_header_math_h=yes
ac_cv_header_memory_h=yes
ac_cv_header_netdb_h=yes
ac_cv_header_netinet_in_h=yes
ac_cv_header_pthread_h=yes
ac_cv_header_stdbool_h=yes
ac_cv_header_stdc=yes
ac_cv_header_stdint_h=yes
ac_cv_header_stdlib_h=yes
ac_cv_header_string_h=yes
ac_cv_header_strings_h=yes
ac_cv_header_sys_param_h=yes
ac_cv_header_sys_socket_h=yes
ac_cv_header_sys_stat_h=yes
ac_cv_header_sys_time_h=yes
ac_cv_header_sys_types_h=yes
ac_cv_header_time_h=yes
ac_cv_header_unistd_h=yes
ac_cv_header_windows_h=no
ac_cv_host=x86_64-unknown-linux-gnu
ac_cv_lib_c_get_nprocs_conf=yes
ac_cv_lib_fcgi_FCGI_Accept=no
ac_cv_lib_m_pow=yes
ac_cv_lib_nsl_gethostbyname=yes
ac_cv_lib_socket_socket=no
ac_cv_lib_z_gzopen=yes
ac_cv_objext=o
ac_cv_path_EGREP='/bin/grep -E'
ac_cv_path_FGREP='/bin/grep -F'
ac_cv_path_GREP=/bin/grep
ac_cv_path_SED=/bin/sed
ac_cv_path_install='/usr/bin/install -c'
ac_cv_path_mkdir=/bin/mkdir
ac_cv_prog_AWK=gawk
ac_cv_prog_CPP='gcc -E'
ac_cv_prog_CXXCPP='g++ -E'
ac_cv_prog_PTHREAD_CC=gcc
ac_cv_prog_ac_ct_AR=ar
ac_cv_prog_ac_ct_CC=gcc
ac_cv_prog_ac_ct_CXX=g++
ac_cv_prog_ac_ct_OBJDUMP=objdump
ac_cv_prog_ac_ct_RANLIB=ranlib
ac_cv_prog_ac_ct_STRIP=strip
ac_cv_prog_cc_c89=
ac_cv_prog_cc_g=yes
ac_cv_prog_cc_gcc_c_o=yes
ac_cv_prog_cc_warnings=-Wall
ac_cv_prog_cxx_g=yes
ac_cv_prog_make_make_set=yes
ac_cv_sys_file_offset_bits=no
ac_cv_sys_largefile_CC=no
ac_cv_type__Bool=yes
ac_cv_type_size_t=yes
ac_cv_type_ssize_t=yes
am_cv_CC_dependencies_compiler_type=gcc3
am_cv_CXX_dependencies_compiler_type=gcc3
lt_cv_archive_cmds_need_lc=no
lt_cv_deplibs_check_method=pass_all
lt_cv_file_magic_cmd='$MAGIC_CMD'
lt_cv_file_magic_test_file=
lt_cv_ld_reload_flag=-r
lt_cv_nm_interface='BSD nm'
lt_cv_objdir=.libs
lt_cv_path_LD=/usr/bin/ld
lt_cv_path_LDCXX='/usr/bin/ld -m elf_x86_64'
lt_cv_path_NM='/usr/bin/nm -B'
lt_cv_prog_compiler_c_o=yes
lt_cv_prog_compiler_c_o_CXX=yes
lt_cv_prog_compiler_pic_works=yes
lt_cv_prog_compiler_pic_works_CXX=yes
lt_cv_prog_compiler_rtti_exceptions=no
lt_cv_prog_compiler_static_works=no
lt_cv_prog_compiler_static_works_CXX=no
lt_cv_prog_gnu_ld=yes
lt_cv_prog_gnu_ldcxx=yes
lt_cv_shlibpath_overrides_runpath=no
lt_cv_sys_global_symbol_pipe='sed -n -e '\''s/^.*[	 ]\([ABCDGIRSTW][ABCDGIRSTW]*\)[	 ][	 ]*\([_A-Za-z][_A-Za-z0-9]*\)$/\1 \2 \2/p'\'''
lt_cv_sys_global_symbol_to_c_name_address='sed -n -e '\''s/^: \([^ ]*\) $/  {\"\1\", (void *) 0},/p'\'' -e '\''s/^[ABCDGIRSTW]* \([^ ]*\) \([^ ]*\)$/  {"\2", (void *) \&\2},/p'\'''
lt_cv_sys_global_symbol_to_c_name_address_lib_prefix='sed -n -e '\''s/^: \([^ ]*\) $/  {\"\1\", (void *) 0},/p'\'' -e '\''s/^[ABCDGIRSTW]* \([^ ]*\) \(lib[^ ]*\)$/  {"\2", (void *) \&\2},/p'\'' -e '\''s/^[ABCDGIRSTW]* \([^ ]*\) \([^ ]*\)$/  {"lib\2", (void *) \&\2},/p'\'''
lt_cv_sys_global_symbol_to_cdecl='sed -n -e '\''s/^T .* \(.*\)$/extern int \1();/p'\'' -e '\''s/^[ABCDGIRSTW]* .* \(.*\)$/extern char \1;/p'\'''
lt_cv_sys_max_cmd_len=1966080

## ----------------- ##
## Output variables. ##
## ----------------- ##

ACLOCAL='${SHELL} /home/coleman8/lsst/serverSrc/iipsrv-0.9.9/missing --run aclocal-1.11'
AMDEPBACKSLASH='\'
AMDEP_FALSE='#'
AMDEP_TRUE=''
AMTAR='${SHELL} /home/coleman8/lsst/serverSrc/iipsrv-0.9.9/missing --run tar'
AR='ar'
AUTOCONF='${SHELL} /home/coleman8/lsst/serverSrc/iipsrv-0.9.9/missing --run autoconf'
AUTOHEADER='${SHELL} /home/coleman8/lsst/serverSrc/iipsrv-0.9.9/missing --run autoheader'
AUTOMAKE='${SHELL} /home/coleman8/lsst/serverSrc/iipsrv-0.9.9/missing --run automake-1.11'
AWK='gawk'
CC='gcc'
CCDEPMODE='depmode=gcc3'
CFLAGS='-g -O2 -Wall'
CPP='gcc -E'
CPPFLAGS=''
CXX='g++'
CXXCPP='g++ -E'
CXXDEPMODE='depmode=gcc3'
CXXFLAGS='-g -O2'
CYGPATH_W='echo'
DEFS='-DPACKAGE_NAME=\"iipsrv\" -DPACKAGE_TARNAME=\"iipsrv\" -DPACKAGE_VERSION=\"0.9.9\" -DPACKAGE_STRING=\"iipsrv\ 0.9.9\" -DPACKAGE_BUGREPORT=\"ruven@users.sourceforge.net\" -DPACKAGE_URL=\"\" -DPACKAGE=\"iipsrv\" -DVERSION=\"0.9.9\" -DSTDC_HEADERS=1 -DHAVE_SYS_TYPES_H=1 -DHAVE_SYS_STAT_H=1 -DHAVE_STDLIB_H=1 -DHAVE_STRING_H=1 -DHAVE_MEMORY_H=1 -DHAVE_STRINGS_H=1 -DHAVE_INTTYPES_H=1 -DHAVE_STDINT_H=1 -DHAVE_UNISTD_H=1 -DHAVE__BOOL=1 -DHAVE_STDBOOL_H=1 -DHAVE_DLFCN_H=1 -DLT_OBJDIR=\".libs/\" -DHAVE_GLOB_H=1 -DHAVE_TIME_H=1 -DHAVE_SYS_TIME_H=1 -DHAVE_MATH_H=1 -DHAVE_LIBM=1 -DHAVE_STDLIB_H=1 -DHAVE_MALLOC=1 -DHAVE_FLOOR=1 -DHAVE_GETTIMEOFDAY=1 -DHAVE_POW=1 -DHAVE_SQRT=1 -DHAVE_JPEG=1 -DHAVE_LIBZ=1 -DHAVE_TIFF=1 -DNPROCS=1 -DHAVE_STREAMBUF_CHAR_TYPE=1 -DHAVE_LIBNSL=1 -DHAVE_FPOS=1 -DHAVE_SYS_SOCKET_H=1 -DHAVE_NETDB_H=1 -DHAVE_NETINET_IN_H=1 -DHAVE_ARPA_INET_H=1 -DHAVE_SYS_TIME_H=1 -DHAVE_LIMITS_H=1 -DHAVE_SYS_PARAM_H=1 -DHAVE_UNISTD_H=1 -DHAVE_FILENO_PROTO=1 -DHAVE_STRERROR=1'
DEPDIR='.deps'
DL_LIBS=''
DSYMUTIL=''
DUMPBIN=''
ECHO_C=''
ECHO_CPP='echo-cpp'
ECHO_N='-n'
ECHO_T=''
EGREP='/bin/grep -E'
ENABLE_KAKADU_FALSE=''
ENABLE_KAKADU_TRUE='#'
ENABLE_MODULES_FALSE=''
ENABLE_MODULES_TRUE='#'
EXEEXT=''
EXTRAS=''
FGREP='/bin/grep -F'
GREP='/bin/grep'
INCLUDES=' -I.'
INSTALL_DATA='${INSTALL} -m 644'
INSTALL_PROGRAM='${INSTALL}'
INSTALL_SCRIPT='${INSTALL}'
INSTALL_STRIP_PROGRAM='$(install_sh) -c -s'
JPEG_INCLUDES=''
JPEG_LIBS='-ljpeg'
LD='/usr/bin/ld -m elf_x86_64'
LDFLAGS=''
LIBFCGIXX='libfcgi++.la'
LIBFCGI_INCLUDES='-I../fcgi/include -I../fcgi'
LIBFCGI_LDFLAGS=''
LIBFCGI_LIBS='../fcgi/libfcgi/libfcgi.a'
LIBOBJS=''
LIBS='-lnsl -lz -lm '
LIBTOOL='$(SHELL) $(top_builddir)/libtool'
LIPO=''
LN_S='ln -s'
LTLIBOBJS=''
MAKEINFO='${SHELL} /home/coleman8/lsst/serverSrc/iipsrv-0.9.9/missing --run makeinfo'
MKDIR_P='/bin/mkdir -p'
NM='/usr/bin/nm -B'
NMEDIT=''
OBJDUMP='objdump'
OBJEXT='o'
OTOOL64=''
OTOOL=''
PACKAGE='iipsrv'
PACKAGE_BUGREPORT='ruven@users.sourceforge.net'
PACKAGE_NAME='iipsrv'
PACKAGE_STRING='iipsrv 0.9.9'
PACKAGE_TARNAME='iipsrv'
PACKAGE_URL=''
PACKAGE_VERSION='0.9.9'
PATH_SEPARATOR=':'
PTHREAD_CC='gcc'
PTHREAD_CFLAGS='-pthread'
PTHREAD_LIBS=''
RANLIB='ranlib'
SED='/bin/sed'
SET_MAKE=''
SHELL='/bin/sh'
STRIP='strip'
SYSTEM='unix'
THREADED='threaded'
TIFF_INCLUDES=''
TIFF_LIBS='-ltiff'
VERSION='0.9.9'
ac_ct_CC='gcc'
ac_ct_CXX='g++'
ac_ct_DUMPBIN=''
am__EXEEXT_FALSE=''
am__EXEEXT_TRUE='#'
am__fastdepCC_FALSE='#'
am__fastdepCC_TRUE=''
am__fastdepCXX_FALSE='#'
am__fastdepCXX_TRUE=''
am__include='include'
am__isrc=''
am__leading_dot='.'
am__quote=''
am__tar='${AMTAR} chof - "$$tardir"'
am__untar='${AMTAR} xf -'
bindir='${exec_prefix}/bin'
build='x86_64-unknown-linux-gnu'
build_alias=''
build_cpu='x86_64'
build_os='linux-gnu'
build_vendor='unknown'
datadir='${datarootdir}'
datarootdir='${prefix}/share'
docdir='${datarootdir}/doc/${PACKAGE_TARNAME}'
dvidir='${docdir}'
exec_prefix='${prefix}'
host='x86_64-unknown-linux-gnu'
host_alias=''
host_cpu='x86_64'
host_os='linux-gnu'
host_vendor='unknown'
htmldir='${docdir}'
includedir='${prefix}/include'
infodir='${datarootdir}/info'
install_sh='${SHELL} /home/coleman8/lsst/serverSrc/iipsrv-0.9.9/install-sh'
libdir='${exec_prefix}/lib'
libexecdir='${exec_prefix}/libexec'
localedir='${datarootdir}/locale'
localstatedir='${prefix}/var'
mandir='${datarootdir}/man'
mkdir_p='/bin/mkdir -p'
oldincludedir='/usr/include'
pdfdir='${docdir}'
prefix='/home/coleman8/lsst/serverSrc/iipsrv-0.9.9'
program_transform_name='s,x,x,'
psdir='${docdir}'
sbindir='${exec_prefix}/sbin'
sharedstatedir='${prefix}/com'
sysconfdir='${prefix}/etc'
target_alias=''

## ----------- ##
## confdefs.h. ##
## ----------- ##

/* confdefs.h */
#define PACKAGE_NAME "iipsrv"
#define PACKAGE_TARNAME "iipsrv"
#define PACKAGE_VERSION "0.9.9"
#define PACKAGE_STRING "iipsrv 0.9.9"
#define PACKAGE_BUGREPORT "ruven@users.sourceforge.net"
#define PACKAGE_URL ""
#define PACKAGE "iipsrv"
#define VERSION "0.9.9"
#define STDC_HEADERS 1
#define HAVE_SYS_TYPES_H 1
#define HAVE_SYS_STAT_H 1
#define HAVE_STDLIB_H 1
#define HAVE_STRING_H 1
#define HAVE_MEMORY_H 1
#define HAVE_STRINGS_H 1
#define HAVE_INTTYPES_H 1
#define HAVE_STDINT_H 1
#define HAVE_UNISTD_H 1
#define HAVE__BOOL 1
#define HAVE_STDBOOL_H 1
#define HAVE_DLFCN_H 1
#define LT_OBJDIR ".libs/"
#define HAVE_GLOB_H 1
#define HAVE_TIME_H 1
#define HAVE_SYS_TIME_H 1
#define HAVE_MATH_H 1
#define HAVE_LIBM 1
#define HAVE_STDLIB_H 1
#define HAVE_MALLOC 1
#define HAVE_FLOOR 1
#define HAVE_GETTIMEOFDAY 1
#define HAVE_POW 1
#define HAVE_SQRT 1
#define HAVE_JPEG 1
#define HAVE_LIBZ 1
#define HAVE_TIFF 1
#define NPROCS 1
#define HAVE_STREAMBUF_CHAR_TYPE 1
#define HAVE_LIBNSL 1
#define HAVE_FPOS 1
#define HAVE_SYS_SOCKET_H 1
#define HAVE_NETDB_H 1
#define HAVE_NETINET_IN_H 1
#define HAVE_ARPA_INET_H 1
#define HAVE_SYS_TIME_H 1
#define HAVE_LIMITS_H 1
#define HAVE_SYS_PARAM_H 1
#define HAVE_UNISTD_H 1
#define HAVE_FILENO_PROTO 1
#define HAVE_STRERROR 1

configure: exit 0
